<?xml version="1.0" encoding="UTF-8"?>
<testng-results ignored="0" total="1" passed="1" failed="0" skipped="0">
  <reporter-output>
  </reporter-output>
  <suite started-at="2024-05-14T23:48:23 IST" name="Default suite" finished-at="2024-05-14T23:48:43 IST" duration-ms="20873">
    <groups>
    </groups>
    <test started-at="2024-05-14T23:48:23 IST" name="Default test" finished-at="2024-05-14T23:48:43 IST" duration-ms="20873">
      <class name="testcases.TestCases">
        <test-method is-config="true" signature="setUp()[pri:0, instance:testcases.TestCases@2b662a77]" started-at="2024-05-14T23:48:23 IST" name="setUp" finished-at="2024-05-14T23:48:36 IST" duration-ms="12956" status="PASS">
          <reporter-output>
          </reporter-output>
        </test-method> <!-- setUp -->
        <test-method signature="verifyRegisterAndLogIn()[pri:0, instance:testcases.TestCases@2b662a77]" started-at="2024-05-14T23:48:36 IST" name="verifyRegisterAndLogIn" finished-at="2024-05-14T23:48:43 IST" duration-ms="7592" status="PASS">
          <reporter-output>
          </reporter-output>
        </test-method> <!-- verifyRegisterAndLogIn -->
        <test-method is-config="true" signature="tearDown()[pri:0, instance:testcases.TestCases@2b662a77]" started-at="2024-05-14T23:48:43 IST" name="tearDown" finished-at="2024-05-14T23:48:43 IST" duration-ms="264" status="PASS">
          <reporter-output>
          </reporter-output>
        </test-method> <!-- tearDown -->
      </class> <!-- testcases.TestCases -->
    </test> <!-- Default test -->
  </suite> <!-- Default suite -->
</testng-results>
